<?xml version="1.0" encoding="UTF-8"?>
<testsuite name="com.classify.Classifyserver.ClassifyServerApplicationTests" tests="1" skipped="0" failures="0" errors="0" timestamp="2023-11-07T06:23:37" hostname="BOOK-G7VRTUENRO" time="0.343">
  <properties/>
  <testcase name="contextLoads()" classname="com.classify.Classifyserver.ClassifyServerApplicationTests" time="0.343"/>
  <system-out><![CDATA[15:23:29.771 [Test worker] INFO org.springframework.test.context.support.AnnotationConfigContextLoaderUtils -- Could not detect default configuration classes for test class [com.classify.Classifyserver.ClassifyServerApplicationTests]: ClassifyServerApplicationTests does not declare any static, non-private, non-final, nested classes annotated with @Configuration.
15:23:29.838 [Test worker] INFO org.springframework.boot.test.context.SpringBootTestContextBootstrapper -- Found @SpringBootConfiguration com.classify.Classifyserver.ClassifyServerApplication for test class com.classify.Classifyserver.ClassifyServerApplicationTests

  .   ____          _            __ _ _
 /\\ / ___'_ __ _ _(_)_ __  __ _ \ \ \ \
( ( )\___ | '_ | '_| | '_ \/ _` | \ \ \ \
 \\/  ___)| |_)| | | | | || (_| |  ) ) ) )
  '  |____| .__|_| |_|_| |_\__, | / / / /
 =========|_|==============|___/=/_/_/_/
 :: Spring Boot ::                (v3.1.5)

2023-11-07T15:23:30.130+09:00  INFO 16608 --- [    Test worker] c.c.C.ClassifyServerApplicationTests     : Starting ClassifyServerApplicationTests using Java 17.0.7 with PID 16608 (started by segum in E:\classify\classify_backend)
2023-11-07T15:23:30.131+09:00  INFO 16608 --- [    Test worker] c.c.C.ClassifyServerApplicationTests     : No active profile set, falling back to 1 default profile: "default"
2023-11-07T15:23:30.602+09:00  INFO 16608 --- [    Test worker] .s.d.r.c.RepositoryConfigurationDelegate : Bootstrapping Spring Data JPA repositories in DEFAULT mode.
2023-11-07T15:23:30.642+09:00  INFO 16608 --- [    Test worker] .s.d.r.c.RepositoryConfigurationDelegate : Finished Spring Data repository scanning in 35 ms. Found 1 JPA repository interfaces.
2023-11-07T15:23:31.091+09:00  INFO 16608 --- [    Test worker] o.hibernate.jpa.internal.util.LogHelper  : HHH000204: Processing PersistenceUnitInfo [name: default]
2023-11-07T15:23:31.131+09:00  INFO 16608 --- [    Test worker] org.hibernate.Version                    : HHH000412: Hibernate ORM core version 6.2.13.Final
2023-11-07T15:23:31.133+09:00  INFO 16608 --- [    Test worker] org.hibernate.cfg.Environment            : HHH000406: Using bytecode reflection optimizer
2023-11-07T15:23:31.341+09:00  INFO 16608 --- [    Test worker] o.s.o.j.p.SpringPersistenceUnitInfo      : No LoadTimeWeaver setup: ignoring JPA class transformer
2023-11-07T15:23:31.362+09:00  INFO 16608 --- [    Test worker] com.zaxxer.hikari.HikariDataSource       : HikariPool-1 - Starting...
2023-11-07T15:23:34.684+09:00  INFO 16608 --- [    Test worker] com.zaxxer.hikari.pool.HikariPool        : HikariPool-1 - Added connection com.mysql.cj.jdbc.ConnectionImpl@3d033453
2023-11-07T15:23:34.686+09:00  INFO 16608 --- [    Test worker] com.zaxxer.hikari.HikariDataSource       : HikariPool-1 - Start completed.
2023-11-07T15:23:35.143+09:00  WARN 16608 --- [    Test worker] org.hibernate.orm.deprecation            : HHH90000025: MySQLDialect does not need to be specified explicitly using 'hibernate.dialect' (remove the property setting and it will be selected by default)
2023-11-07T15:23:35.821+09:00  INFO 16608 --- [    Test worker] o.h.e.t.j.p.i.JtaPlatformInitiator       : HHH000489: No JTA platform available (set 'hibernate.transaction.jta.platform' to enable JTA platform integration)
2023-11-07T15:23:36.490+09:00  INFO 16608 --- [    Test worker] j.LocalContainerEntityManagerFactoryBean : Initialized JPA EntityManagerFactory for persistence unit 'default'
2023-11-07T15:23:36.878+09:00  INFO 16608 --- [    Test worker] o.s.d.j.r.query.QueryEnhancerFactory     : Hibernate is in classpath; If applicable, HQL parser will be used.
2023-11-07T15:23:37.117+09:00  WARN 16608 --- [    Test worker] JpaBaseConfiguration$JpaWebConfiguration : spring.jpa.open-in-view is enabled by default. Therefore, database queries may be performed during view rendering. Explicitly configure spring.jpa.open-in-view to disable this warning
2023-11-07T15:23:37.520+09:00  WARN 16608 --- [    Test worker] ion$DefaultTemplateResolverConfiguration : Cannot find template location: classpath:/templates/ (please add some templates, check your Thymeleaf configuration, or set spring.thymeleaf.check-template-location=false)
2023-11-07T15:23:37.636+09:00  INFO 16608 --- [    Test worker] c.c.C.ClassifyServerApplicationTests     : Started ClassifyServerApplicationTests in 7.664 seconds (process running for 8.513)
]]></system-out>
  <system-err><![CDATA[]]></system-err>
</testsuite>
